{"C:\\Users\\Acer\\Downloads\\to-do-task\\server\\config\\db.js": {"path":"C:\\Users\\Acer\\Downloads\\to-do-task\\server\\config\\db.js","statementMap":{"0":{"start":{"line":1,"column":14},"end":{"line":1,"column":39}},"1":{"start":{"line":2,"column":15},"end":{"line":2,"column":32}},"2":{"start":{"line":4,"column":0},"end":{"line":4,"column":16}},"3":{"start":{"line":7,"column":13},"end":{"line":17,"column":2}},"4":{"start":{"line":20,"column":0},"end":{"line":28,"column":5}},"5":{"start":{"line":23,"column":4},"end":{"line":23,"column":52}},"6":{"start":{"line":24,"column":4},"end":{"line":24,"column":25}},"7":{"start":{"line":27,"column":4},"end":{"line":27,"column":54}},"8":{"start":{"line":31,"column":0},"end":{"line":31,"column":22}}},"fnMap":{"0":{"name":"(anonymous_0)","decl":{"start":{"line":22,"column":8},"end":{"line":22,"column":9}},"loc":{"start":{"line":22,"column":24},"end":{"line":25,"column":3}},"line":22},"1":{"name":"(anonymous_1)","decl":{"start":{"line":26,"column":9},"end":{"line":26,"column":10}},"loc":{"start":{"line":26,"column":18},"end":{"line":28,"column":3}},"line":26}},"branchMap":{},"s":{"0":1,"1":1,"2":1,"3":1,"4":1,"5":1,"6":1,"7":0,"8":1},"f":{"0":1,"1":0},"b":{},"_coverageSchema":"1a1c01bbd47fc00a2c39e90264f33305004495a9","hash":"6fa188a0aab15eddccbaad5c1c47346167cda4a4"}
,"C:\\Users\\Acer\\Downloads\\to-do-task\\server\\controllers\\taskController.js": {"path":"C:\\Users\\Acer\\Downloads\\to-do-task\\server\\controllers\\taskController.js","statementMap":{"0":{"start":{"line":1,"column":13},"end":{"line":1,"column":43}},"1":{"start":{"line":4,"column":19},"end":{"line":19,"column":1}},"2":{"start":{"line":5,"column":2},"end":{"line":18,"column":3}},"3":{"start":{"line":6,"column":43},"end":{"line":6,"column":51}},"4":{"start":{"line":9,"column":4},"end":{"line":11,"column":5}},"5":{"start":{"line":10,"column":6},"end":{"line":10,"column":92}},"6":{"start":{"line":13,"column":19},"end":{"line":13,"column":68}},"7":{"start":{"line":14,"column":4},"end":{"line":14,"column":75}},"8":{"start":{"line":16,"column":4},"end":{"line":16,"column":49}},"9":{"start":{"line":17,"column":4},"end":{"line":17,"column":61}},"10":{"start":{"line":22,"column":20},"end":{"line":37,"column":1}},"11":{"start":{"line":23,"column":2},"end":{"line":36,"column":3}},"12":{"start":{"line":24,"column":18},"end":{"line":24,"column":37}},"13":{"start":{"line":27,"column":26},"end":{"line":30,"column":18}},"14":{"start":{"line":28,"column":22},"end":{"line":28,"column":47}},"15":{"start":{"line":29,"column":22},"end":{"line":29,"column":69}},"16":{"start":{"line":32,"column":4},"end":{"line":32,"column":40}},"17":{"start":{"line":34,"column":4},"end":{"line":34,"column":52}},"18":{"start":{"line":35,"column":4},"end":{"line":35,"column":64}},"19":{"start":{"line":41,"column":20},"end":{"line":55,"column":1}},"20":{"start":{"line":42,"column":2},"end":{"line":54,"column":3}},"21":{"start":{"line":43,"column":19},"end":{"line":43,"column":29}},"22":{"start":{"line":44,"column":17},"end":{"line":44,"column":39}},"23":{"start":{"line":46,"column":4},"end":{"line":48,"column":5}},"24":{"start":{"line":47,"column":6},"end":{"line":47,"column":63}},"25":{"start":{"line":50,"column":4},"end":{"line":50,"column":31}},"26":{"start":{"line":52,"column":4},"end":{"line":52,"column":51}},"27":{"start":{"line":53,"column":4},"end":{"line":53,"column":63}},"28":{"start":{"line":58,"column":19},"end":{"line":78,"column":1}},"29":{"start":{"line":59,"column":2},"end":{"line":77,"column":3}},"30":{"start":{"line":60,"column":19},"end":{"line":60,"column":29}},"31":{"start":{"line":61,"column":36},"end":{"line":61,"column":44}},"32":{"start":{"line":64,"column":4},"end":{"line":66,"column":5}},"33":{"start":{"line":65,"column":6},"end":{"line":65,"column":91}},"34":{"start":{"line":69,"column":24},"end":{"line":69,"column":47}},"35":{"start":{"line":72,"column":4},"end":{"line":72,"column":39}},"36":{"start":{"line":73,"column":4},"end":{"line":73,"column":67}},"37":{"start":{"line":75,"column":4},"end":{"line":75,"column":49}},"38":{"start":{"line":76,"column":4},"end":{"line":76,"column":61}},"39":{"start":{"line":82,"column":19},"end":{"line":91,"column":1}},"40":{"start":{"line":83,"column":2},"end":{"line":90,"column":3}},"41":{"start":{"line":84,"column":19},"end":{"line":84,"column":29}},"42":{"start":{"line":85,"column":4},"end":{"line":85,"column":26}},"43":{"start":{"line":86,"column":4},"end":{"line":86,"column":67}},"44":{"start":{"line":88,"column":4},"end":{"line":88,"column":49}},"45":{"start":{"line":89,"column":4},"end":{"line":89,"column":61}},"46":{"start":{"line":93,"column":0},"end":{"line":99,"column":2}}},"fnMap":{"0":{"name":"(anonymous_0)","decl":{"start":{"line":4,"column":19},"end":{"line":4,"column":20}},"loc":{"start":{"line":4,"column":39},"end":{"line":19,"column":1}},"line":4},"1":{"name":"(anonymous_1)","decl":{"start":{"line":22,"column":20},"end":{"line":22,"column":21}},"loc":{"start":{"line":22,"column":40},"end":{"line":37,"column":1}},"line":22},"2":{"name":"(anonymous_2)","decl":{"start":{"line":28,"column":14},"end":{"line":28,"column":15}},"loc":{"start":{"line":28,"column":22},"end":{"line":28,"column":47}},"line":28},"3":{"name":"(anonymous_3)","decl":{"start":{"line":29,"column":12},"end":{"line":29,"column":13}},"loc":{"start":{"line":29,"column":22},"end":{"line":29,"column":69}},"line":29},"4":{"name":"(anonymous_4)","decl":{"start":{"line":41,"column":20},"end":{"line":41,"column":21}},"loc":{"start":{"line":41,"column":40},"end":{"line":55,"column":1}},"line":41},"5":{"name":"(anonymous_5)","decl":{"start":{"line":58,"column":19},"end":{"line":58,"column":20}},"loc":{"start":{"line":58,"column":39},"end":{"line":78,"column":1}},"line":58},"6":{"name":"(anonymous_6)","decl":{"start":{"line":82,"column":19},"end":{"line":82,"column":20}},"loc":{"start":{"line":82,"column":39},"end":{"line":91,"column":1}},"line":82}},"branchMap":{"0":{"loc":{"start":{"line":9,"column":4},"end":{"line":11,"column":5}},"type":"if","locations":[{"start":{"line":9,"column":4},"end":{"line":11,"column":5}},{"start":{},"end":{}}],"line":9},"1":{"loc":{"start":{"line":9,"column":8},"end":{"line":9,"column":41}},"type":"binary-expr","locations":[{"start":{"line":9,"column":8},"end":{"line":9,"column":14}},{"start":{"line":9,"column":18},"end":{"line":9,"column":30}},{"start":{"line":9,"column":34},"end":{"line":9,"column":41}}],"line":9},"2":{"loc":{"start":{"line":46,"column":4},"end":{"line":48,"column":5}},"type":"if","locations":[{"start":{"line":46,"column":4},"end":{"line":48,"column":5}},{"start":{},"end":{}}],"line":46},"3":{"loc":{"start":{"line":64,"column":4},"end":{"line":66,"column":5}},"type":"if","locations":[{"start":{"line":64,"column":4},"end":{"line":66,"column":5}},{"start":{},"end":{}}],"line":64}},"s":{"0":1,"1":1,"2":2,"3":2,"4":2,"5":1,"6":1,"7":1,"8":0,"9":0,"10":1,"11":1,"12":1,"13":1,"14":6,"15":4,"16":1,"17":0,"18":0,"19":1,"20":2,"21":2,"22":2,"23":2,"24":1,"25":1,"26":0,"27":0,"28":1,"29":2,"30":2,"31":2,"32":2,"33":1,"34":1,"35":1,"36":1,"37":0,"38":0,"39":1,"40":1,"41":1,"42":1,"43":1,"44":0,"45":0,"46":1},"f":{"0":2,"1":1,"2":6,"3":4,"4":2,"5":2,"6":1},"b":{"0":[1,1],"1":[2,1,1],"2":[1,1],"3":[1,1]},"_coverageSchema":"1a1c01bbd47fc00a2c39e90264f33305004495a9","hash":"27b310f99e050b9670bc552da1ab16420ee425fe"}
,"C:\\Users\\Acer\\Downloads\\to-do-task\\server\\controllers\\userController.js": {"path":"C:\\Users\\Acer\\Downloads\\to-do-task\\server\\controllers\\userController.js","statementMap":{"0":{"start":{"line":1,"column":18},"end":{"line":1,"column":38}},"1":{"start":{"line":2,"column":13},"end":{"line":2,"column":36}},"2":{"start":{"line":3,"column":15},"end":{"line":3,"column":34}},"3":{"start":{"line":4,"column":13},"end":{"line":4,"column":43}},"4":{"start":{"line":7,"column":25},"end":{"line":36,"column":1}},"5":{"start":{"line":8,"column":20},"end":{"line":8,"column":21}},"6":{"start":{"line":9,"column":20},"end":{"line":9,"column":22}},"7":{"start":{"line":10,"column":23},"end":{"line":10,"column":30}},"8":{"start":{"line":11,"column":23},"end":{"line":11,"column":30}},"9":{"start":{"line":12,"column":19},"end":{"line":12,"column":23}},"10":{"start":{"line":13,"column":25},"end":{"line":13,"column":37}},"11":{"start":{"line":15,"column":2},"end":{"line":17,"column":3}},"12":{"start":{"line":16,"column":4},"end":{"line":16,"column":63}},"13":{"start":{"line":19,"column":2},"end":{"line":21,"column":3}},"14":{"start":{"line":20,"column":4},"end":{"line":20,"column":65}},"15":{"start":{"line":23,"column":2},"end":{"line":25,"column":3}},"16":{"start":{"line":24,"column":4},"end":{"line":24,"column":65}},"17":{"start":{"line":27,"column":2},"end":{"line":29,"column":3}},"18":{"start":{"line":28,"column":4},"end":{"line":28,"column":54}},"19":{"start":{"line":31,"column":2},"end":{"line":33,"column":3}},"20":{"start":{"line":32,"column":4},"end":{"line":32,"column":66}},"21":{"start":{"line":35,"column":2},"end":{"line":35,"column":14}},"22":{"start":{"line":38,"column":21},"end":{"line":87,"column":1}},"23":{"start":{"line":39,"column":2},"end":{"line":86,"column":3}},"24":{"start":{"line":40,"column":42},"end":{"line":40,"column":50}},"25":{"start":{"line":43,"column":4},"end":{"line":45,"column":5}},"26":{"start":{"line":44,"column":6},"end":{"line":44,"column":79}},"27":{"start":{"line":47,"column":4},"end":{"line":49,"column":5}},"28":{"start":{"line":48,"column":6},"end":{"line":48,"column":71}},"29":{"start":{"line":51,"column":38},"end":{"line":51,"column":64}},"30":{"start":{"line":52,"column":4},"end":{"line":54,"column":5}},"31":{"start":{"line":53,"column":6},"end":{"line":53,"column":74}},"32":{"start":{"line":56,"column":23},"end":{"line":56,"column":49}},"33":{"start":{"line":58,"column":4},"end":{"line":82,"column":5}},"34":{"start":{"line":59,"column":6},"end":{"line":59,"column":42}},"35":{"start":{"line":62,"column":30},"end":{"line":62,"column":100}},"36":{"start":{"line":64,"column":6},"end":{"line":66,"column":7}},"37":{"start":{"line":65,"column":8},"end":{"line":65,"column":68}},"38":{"start":{"line":68,"column":21},"end":{"line":72,"column":8}},"39":{"start":{"line":74,"column":6},"end":{"line":74,"column":32}},"40":{"start":{"line":75,"column":6},"end":{"line":75,"column":76}},"41":{"start":{"line":77,"column":6},"end":{"line":77,"column":34}},"42":{"start":{"line":78,"column":6},"end":{"line":78,"column":48}},"43":{"start":{"line":79,"column":6},"end":{"line":79,"column":64}},"44":{"start":{"line":81,"column":6},"end":{"line":81,"column":27}},"45":{"start":{"line":84,"column":4},"end":{"line":84,"column":44}},"46":{"start":{"line":85,"column":4},"end":{"line":85,"column":77}},"47":{"start":{"line":89,"column":18},"end":{"line":122,"column":1}},"48":{"start":{"line":90,"column":30},"end":{"line":90,"column":38}},"49":{"start":{"line":93,"column":2},"end":{"line":95,"column":3}},"50":{"start":{"line":94,"column":4},"end":{"line":94,"column":80}},"51":{"start":{"line":97,"column":2},"end":{"line":121,"column":3}},"52":{"start":{"line":98,"column":17},"end":{"line":98,"column":46}},"53":{"start":{"line":100,"column":4},"end":{"line":102,"column":5}},"54":{"start":{"line":101,"column":6},"end":{"line":101,"column":65}},"55":{"start":{"line":105,"column":20},"end":{"line":105,"column":65}},"56":{"start":{"line":107,"column":4},"end":{"line":109,"column":5}},"57":{"start":{"line":108,"column":6},"end":{"line":108,"column":66}},"58":{"start":{"line":112,"column":41},"end":{"line":112,"column":45}},"59":{"start":{"line":114,"column":4},"end":{"line":117,"column":7}},"60":{"start":{"line":119,"column":4},"end":{"line":119,"column":39}},"61":{"start":{"line":120,"column":4},"end":{"line":120,"column":66}},"62":{"start":{"line":124,"column":0},"end":{"line":127,"column":2}}},"fnMap":{"0":{"name":"(anonymous_0)","decl":{"start":{"line":7,"column":25},"end":{"line":7,"column":26}},"loc":{"start":{"line":7,"column":39},"end":{"line":36,"column":1}},"line":7},"1":{"name":"(anonymous_1)","decl":{"start":{"line":38,"column":21},"end":{"line":38,"column":22}},"loc":{"start":{"line":38,"column":41},"end":{"line":87,"column":1}},"line":38},"2":{"name":"(anonymous_2)","decl":{"start":{"line":89,"column":18},"end":{"line":89,"column":19}},"loc":{"start":{"line":89,"column":38},"end":{"line":122,"column":1}},"line":89}},"branchMap":{"0":{"loc":{"start":{"line":15,"column":2},"end":{"line":17,"column":3}},"type":"if","locations":[{"start":{"line":15,"column":2},"end":{"line":17,"column":3}},{"start":{},"end":{}}],"line":15},"1":{"loc":{"start":{"line":15,"column":6},"end":{"line":15,"column":64}},"type":"binary-expr","locations":[{"start":{"line":15,"column":6},"end":{"line":15,"column":33}},{"start":{"line":15,"column":37},"end":{"line":15,"column":64}}],"line":15},"2":{"loc":{"start":{"line":19,"column":2},"end":{"line":21,"column":3}},"type":"if","locations":[{"start":{"line":19,"column":2},"end":{"line":21,"column":3}},{"start":{},"end":{}}],"line":19},"3":{"loc":{"start":{"line":23,"column":2},"end":{"line":25,"column":3}},"type":"if","locations":[{"start":{"line":23,"column":2},"end":{"line":25,"column":3}},{"start":{},"end":{}}],"line":23},"4":{"loc":{"start":{"line":27,"column":2},"end":{"line":29,"column":3}},"type":"if","locations":[{"start":{"line":27,"column":2},"end":{"line":29,"column":3}},{"start":{},"end":{}}],"line":27},"5":{"loc":{"start":{"line":31,"column":2},"end":{"line":33,"column":3}},"type":"if","locations":[{"start":{"line":31,"column":2},"end":{"line":33,"column":3}},{"start":{},"end":{}}],"line":31},"6":{"loc":{"start":{"line":43,"column":4},"end":{"line":45,"column":5}},"type":"if","locations":[{"start":{"line":43,"column":4},"end":{"line":45,"column":5}},{"start":{},"end":{}}],"line":43},"7":{"loc":{"start":{"line":43,"column":8},"end":{"line":43,"column":40}},"type":"binary-expr","locations":[{"start":{"line":43,"column":8},"end":{"line":43,"column":17}},{"start":{"line":43,"column":21},"end":{"line":43,"column":27}},{"start":{"line":43,"column":31},"end":{"line":43,"column":40}}],"line":43},"8":{"loc":{"start":{"line":47,"column":4},"end":{"line":49,"column":5}},"type":"if","locations":[{"start":{"line":47,"column":4},"end":{"line":49,"column":5}},{"start":{},"end":{}}],"line":47},"9":{"loc":{"start":{"line":52,"column":4},"end":{"line":54,"column":5}},"type":"if","locations":[{"start":{"line":52,"column":4},"end":{"line":54,"column":5}},{"start":{},"end":{}}],"line":52},"10":{"loc":{"start":{"line":64,"column":6},"end":{"line":66,"column":7}},"type":"if","locations":[{"start":{"line":64,"column":6},"end":{"line":66,"column":7}},{"start":{},"end":{}}],"line":64},"11":{"loc":{"start":{"line":93,"column":2},"end":{"line":95,"column":3}},"type":"if","locations":[{"start":{"line":93,"column":2},"end":{"line":95,"column":3}},{"start":{},"end":{}}],"line":93},"12":{"loc":{"start":{"line":93,"column":6},"end":{"line":93,"column":25}},"type":"binary-expr","locations":[{"start":{"line":93,"column":6},"end":{"line":93,"column":12}},{"start":{"line":93,"column":16},"end":{"line":93,"column":25}}],"line":93},"13":{"loc":{"start":{"line":100,"column":4},"end":{"line":102,"column":5}},"type":"if","locations":[{"start":{"line":100,"column":4},"end":{"line":102,"column":5}},{"start":{},"end":{}}],"line":100},"14":{"loc":{"start":{"line":107,"column":4},"end":{"line":109,"column":5}},"type":"if","locations":[{"start":{"line":107,"column":4},"end":{"line":109,"column":5}},{"start":{},"end":{}}],"line":107}},"s":{"0":1,"1":1,"2":1,"3":1,"4":1,"5":1,"6":1,"7":1,"8":1,"9":1,"10":1,"11":1,"12":0,"13":1,"14":0,"15":1,"16":0,"17":1,"18":0,"19":1,"20":0,"21":1,"22":1,"23":2,"24":2,"25":2,"26":1,"27":1,"28":0,"29":1,"30":1,"31":0,"32":1,"33":1,"34":1,"35":1,"36":0,"37":0,"38":0,"39":0,"40":0,"41":1,"42":1,"43":1,"44":1,"45":0,"46":0,"47":1,"48":4,"49":4,"50":1,"51":3,"52":3,"53":2,"54":1,"55":1,"56":1,"57":0,"58":1,"59":1,"60":1,"61":1,"62":1},"f":{"0":1,"1":2,"2":4},"b":{"0":[0,1],"1":[1,1],"2":[0,1],"3":[0,1],"4":[0,1],"5":[0,1],"6":[1,1],"7":[2,1,1],"8":[0,1],"9":[0,1],"10":[0,0],"11":[1,3],"12":[4,3],"13":[1,1],"14":[0,1]},"_coverageSchema":"1a1c01bbd47fc00a2c39e90264f33305004495a9","hash":"4cc94752c57180c0b1136c965f8e356ce6f7055d"}
,"C:\\Users\\Acer\\Downloads\\to-do-task\\server\\models\\taskModel.js": {"path":"C:\\Users\\Acer\\Downloads\\to-do-task\\server\\models\\taskModel.js","statementMap":{"0":{"start":{"line":1,"column":13},"end":{"line":1,"column":36}},"1":{"start":{"line":5,"column":43},"end":{"line":5,"column":51}},"2":{"start":{"line":7,"column":21},"end":{"line":11,"column":5}},"3":{"start":{"line":13,"column":4},"end":{"line":13,"column":27}},"4":{"start":{"line":17,"column":36},"end":{"line":17,"column":47}},"5":{"start":{"line":19,"column":21},"end":{"line":23,"column":5}},"6":{"start":{"line":25,"column":4},"end":{"line":25,"column":18}},"7":{"start":{"line":29,"column":18},"end":{"line":29,"column":63}},"8":{"start":{"line":30,"column":19},"end":{"line":30,"column":42}},"9":{"start":{"line":31,"column":4},"end":{"line":31,"column":16}},"10":{"start":{"line":35,"column":19},"end":{"line":35,"column":76}},"11":{"start":{"line":36,"column":4},"end":{"line":36,"column":44}},"12":{"start":{"line":40,"column":21},"end":{"line":40,"column":76}},"13":{"start":{"line":41,"column":4},"end":{"line":41,"column":18}},"14":{"start":{"line":45,"column":0},"end":{"line":45,"column":22}}},"fnMap":{"0":{"name":"(anonymous_0)","decl":{"start":{"line":4,"column":2},"end":{"line":4,"column":3}},"loc":{"start":{"line":4,"column":32},"end":{"line":14,"column":3}},"line":4},"1":{"name":"(anonymous_1)","decl":{"start":{"line":16,"column":2},"end":{"line":16,"column":3}},"loc":{"start":{"line":16,"column":39},"end":{"line":26,"column":3}},"line":16},"2":{"name":"(anonymous_2)","decl":{"start":{"line":28,"column":2},"end":{"line":28,"column":3}},"loc":{"start":{"line":28,"column":24},"end":{"line":32,"column":3}},"line":28},"3":{"name":"(anonymous_3)","decl":{"start":{"line":34,"column":2},"end":{"line":34,"column":3}},"loc":{"start":{"line":34,"column":27},"end":{"line":37,"column":3}},"line":34},"4":{"name":"(anonymous_4)","decl":{"start":{"line":39,"column":2},"end":{"line":39,"column":3}},"loc":{"start":{"line":39,"column":26},"end":{"line":42,"column":3}},"line":39}},"branchMap":{"0":{"loc":{"start":{"line":36,"column":11},"end":{"line":36,"column":43}},"type":"cond-expr","locations":[{"start":{"line":36,"column":29},"end":{"line":36,"column":36}},{"start":{"line":36,"column":39},"end":{"line":36,"column":43}}],"line":36}},"s":{"0":1,"1":0,"2":0,"3":0,"4":0,"5":0,"6":0,"7":0,"8":0,"9":0,"10":0,"11":0,"12":0,"13":0,"14":1},"f":{"0":0,"1":0,"2":0,"3":0,"4":0},"b":{"0":[0,0]},"_coverageSchema":"1a1c01bbd47fc00a2c39e90264f33305004495a9","hash":"45fcba98a4cb694a182c93514df23cdd3212e000"}
}
